[debug] [2023-09-28T20:05:15.887Z] ----------------------------------------------------------------------
[debug] [2023-09-28T20:05:15.893Z] Command:       C:\Program Files\nodejs\node.exe C:\Users\HP\AppData\Roaming\npm\node_modules\firebase-tools\lib\bin\firebase.js init
[debug] [2023-09-28T20:05:15.895Z] CLI Version:   12.6.1
[debug] [2023-09-28T20:05:15.896Z] Platform:      win32
[debug] [2023-09-28T20:05:15.896Z] Node Version:  v18.17.1
[debug] [2023-09-28T20:05:15.899Z] Time:          Thu Sep 28 2023 23:05:15 GMT+0300 (Eastern European Summer Time)
[debug] [2023-09-28T20:05:15.899Z] ----------------------------------------------------------------------
[debug] 
[debug] [2023-09-28T20:05:15.925Z] > command requires scopes: ["email","openid","https://www.googleapis.com/auth/cloudplatformprojects.readonly","https://www.googleapis.com/auth/firebase","https://www.googleapis.com/auth/cloud-platform"]
[debug] [2023-09-28T20:05:15.927Z] > authorizing via signed-in user (nyvan80076@gmail.com)
[info] 
     ######## #### ########  ######## ########     ###     ######  ########
     ##        ##  ##     ## ##       ##     ##  ##   ##  ##       ##
     ######    ##  ########  ######   ########  #########  ######  ######
     ##        ##  ##    ##  ##       ##     ## ##     ##       ## ##
     ##       #### ##     ## ######## ########  ##     ##  ######  ########

You're about to initialize a Firebase project in this directory:

  F:\Coder\Reacts\React pro\Amazon-full-stack\amazon-clone

[info] 
=== Project Setup
[info] 
[info] First, let's associate this project directory with a Firebase project.
[info] You can create multiple project aliases by running firebase use --add, 
[info] but for now we'll just set up a default project.
[info] 
[debug] [2023-09-28T20:06:00.572Z] >>> [apiv2][query] GET https://firebase.googleapis.com/v1beta1/projects pageSize=100
[debug] [2023-09-28T20:06:02.083Z] <<< [apiv2][status] GET https://firebase.googleapis.com/v1beta1/projects 200
[debug] [2023-09-28T20:06:02.084Z] <<< [apiv2][body] GET https://firebase.googleapis.com/v1beta1/projects [omitted]
[info] i  Using project challenge-74372 (amazon-challenge) 
[info] 
=== Hosting Setup
[info] 
[info] Your public directory is the folder (relative to your project directory) that
[info] will contain Hosting assets to be uploaded with firebase deploy. If you
[info] have a build process for your assets, use your build's output directory.
[info] 
[debug] [2023-09-28T20:07:11.786Z] >>> [apiv2][query] GET https://www.gstatic.com/firebasejs/releases.json [none]
[debug] [2023-09-28T20:07:12.106Z] <<< [apiv2][status] GET https://www.gstatic.com/firebasejs/releases.json 200
[debug] [2023-09-28T20:07:12.107Z] <<< [apiv2][body] GET https://www.gstatic.com/firebasejs/releases.json {"current":{"version":"10.4.0","browserURL":"https://www.gstatic.com/firebasejs/10.4.0/firebase.js","packageURL":"https://www.gstatic.com/firebasejs/10.4.0/firebase.tgz"},"live":{"version":"10.4","browserURL":"https://www.gstatic.com/firebasejs/live/10.4/firebase.js","packageURL":"https://www.gstatic.com/firebasejs/live/10.4/firebase.tgz"},"components":{"analytics":"https://www.gstatic.com/firebasejs/10.4.0/firebase-analytics.js","app":"https://www.gstatic.com/firebasejs/10.4.0/firebase-app.js","app-check":"https://www.gstatic.com/firebasejs/10.4.0/firebase-app-check.js","auth":"https://www.gstatic.com/firebasejs/10.4.0/firebase-auth.js","auth/cordova":"https://www.gstatic.com/firebasejs/10.4.0/firebase-auth/cordova.js","functions":"https://www.gstatic.com/firebasejs/10.4.0/firebase-functions.js","firestore":"https://www.gstatic.com/firebasejs/10.4.0/firebase-firestore.js","firestore/lite":"https://www.gstatic.com/firebasejs/10.4.0/firebase-firestore/lite.js","installations":"https://www.gstatic.com/firebasejs/10.4.0/firebase-installations.js","storage":"https://www.gstatic.com/firebasejs/10.4.0/firebase-storage.js","performance":"https://www.gstatic.com/firebasejs/10.4.0/firebase-performance.js","remote-config":"https://www.gstatic.com/firebasejs/10.4.0/firebase-remote-config.js","messaging":"https://www.gstatic.com/firebasejs/10.4.0/firebase-messaging.js","messaging/sw":"https://www.gstatic.com/firebasejs/10.4.0/firebase-messaging/sw.js","database":"https://www.gstatic.com/firebasejs/10.4.0/firebase-database.js","firestore.memory":"https://www.gstatic.com/firebasejs/10.4.0/firebase-firestore.memory.js"}}
[info] +  Wrote build/index.html 
[info] 
[info] i  Detected a .git folder at F:\Coder\Reacts\React pro\Amazon-full-stack\amazon-clone 
[info] i  Authorizing with GitHub to upload your service account to a GitHub repository's secrets store. 
[info] 
[info] Visit this URL on this device to log in:
[info] https://github.com/login/oauth/authorize?client_id=89cf50f02ac6aaed3484&state=374267660&redirect_uri=http%3A%2F%2Flocalhost%3A9005&scope=read%3Auser%20repo%20public_repo
[info] 
[info] Waiting for authentication...
[debug] [2023-09-28T20:08:20.071Z] >>> [apiv2][query] POST https://github.com/login/oauth/access_token [none]
[debug] [2023-09-28T20:08:20.072Z] >>> [apiv2][body] POST https://github.com/login/oauth/access_token [stream]
[debug] [2023-09-28T20:08:21.269Z] <<< [apiv2][status] POST https://github.com/login/oauth/access_token 200
[debug] [2023-09-28T20:08:21.269Z] <<< [apiv2][body] POST https://github.com/login/oauth/access_token {"access_token":"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","token_type":"bearer","scope":"read:user,repo"}
[debug] [2023-09-28T20:08:24.544Z] >>> [apiv2][query] GET https://api.github.com/user [none]
[debug] [2023-09-28T20:08:25.644Z] <<< [apiv2][status] GET https://api.github.com/user 200
[debug] [2023-09-28T20:08:25.644Z] <<< [apiv2][body] GET https://api.github.com/user {"login":"YVANDD","id":105001832,"node_id":"U_kgDOBkIzaA","avatar_url":"https://avatars.githubusercontent.com/u/105001832?v=4","gravatar_id":"","url":"https://api.github.com/users/YVANDD","html_url":"https://github.com/YVANDD","followers_url":"https://api.github.com/users/YVANDD/followers","following_url":"https://api.github.com/users/YVANDD/following{/other_user}","gists_url":"https://api.github.com/users/YVANDD/gists{/gist_id}","starred_url":"https://api.github.com/users/YVANDD/starred{/owner}{/repo}","subscriptions_url":"https://api.github.com/users/YVANDD/subscriptions","organizations_url":"https://api.github.com/users/YVANDD/orgs","repos_url":"https://api.github.com/users/YVANDD/repos","events_url":"https://api.github.com/users/YVANDD/events{/privacy}","received_events_url":"https://api.github.com/users/YVANDD/received_events","type":"User","site_admin":false,"name":"Yvan","company":null,"blog":"","location":"Kigali, Rwanda","email":null,"hireable":null,"bio":"I'm frontend developer from Rwanda.\r\n\r\n\r\n- Currently, I'm learning  HTML, CSS and \r\n   JavaScript\r\n-  I’m looking to collaborate on any project.\r\n","twitter_username":"ivanov___II","public_repos":35,"public_gists":0,"followers":2,"following":3,"created_at":"2022-05-05T15:26:49Z","updated_at":"2023-09-21T19:30:20Z","private_gists":0,"total_private_repos":1,"owned_private_repos":1,"disk_usage":51892,"collaborators":0,"two_factor_authentication":false,"plan":{"name":"free","space":976562499,"collaborators":0,"private_repos":10000}}
[info] 
[info] +  Success! Logged into GitHub as YVANDD 
[info] 
[debug] [2023-09-28T20:10:18.929Z] >>> [apiv2][query] GET https://api.github.com/repos/Yvan/ amazon-clone-full-stack/actions/secrets/public-key type=owner
[debug] [2023-09-28T20:10:19.706Z] <<< [apiv2][status] GET https://api.github.com/repos/Yvan/ amazon-clone-full-stack/actions/secrets/public-key 404
[debug] [2023-09-28T20:10:19.707Z] <<< [apiv2][body] GET https://api.github.com/repos/Yvan/ amazon-clone-full-stack/actions/secrets/public-key {"message":"Not Found","documentation_url":"https://docs.github.com/rest/actions/secrets#get-a-repository-public-key"}
[info] 
[info] 
[error] !  The provided authorization cannot be used with this repository. If this repository is in an organization, did you remember to grant access? 
[info] 
[info] i  Action required: Visit this URL to ensure access has been granted to the appropriate organization(s) for the Firebase CLI GitHub OAuth App: 
[info] https://github.com/settings/connections/applications/89cf50f02ac6aaed3484
[info] 
[debug] [2023-09-28T20:12:29.593Z] >>> [apiv2][query] GET https://api.github.com/repos/Yvandd/ amazon-clone-full-stack/actions/secrets/public-key type=owner
[debug] [2023-09-28T20:12:30.988Z] <<< [apiv2][status] GET https://api.github.com/repos/Yvandd/ amazon-clone-full-stack/actions/secrets/public-key 404
[debug] [2023-09-28T20:12:30.989Z] <<< [apiv2][body] GET https://api.github.com/repos/Yvandd/ amazon-clone-full-stack/actions/secrets/public-key {"message":"Not Found","documentation_url":"https://docs.github.com/rest/actions/secrets#get-a-repository-public-key"}
[info] 
[info] 
[error] !  The provided authorization cannot be used with this repository. If this repository is in an organization, did you remember to grant access? 
[info] 
[info] i  Action required: Visit this URL to ensure access has been granted to the appropriate organization(s) for the Firebase CLI GitHub OAuth App: 
[info] https://github.com/settings/connections/applications/89cf50f02ac6aaed3484
[info] 
[debug] [2023-09-28T20:15:45.737Z] >>> [apiv2][query] GET https://api.github.com/repos/YVANDD/ amazon-clone-full-stack/actions/secrets/public-key type=owner
[debug] [2023-09-28T20:15:46.912Z] <<< [apiv2][status] GET https://api.github.com/repos/YVANDD/ amazon-clone-full-stack/actions/secrets/public-key 404
[debug] [2023-09-28T20:15:46.913Z] <<< [apiv2][body] GET https://api.github.com/repos/YVANDD/ amazon-clone-full-stack/actions/secrets/public-key {"message":"Not Found","documentation_url":"https://docs.github.com/rest/actions/secrets#get-a-repository-public-key"}
[info] 
[info] 
[error] !  The provided authorization cannot be used with this repository. If this repository is in an organization, did you remember to grant access? 
[info] 
[info] i  Action required: Visit this URL to ensure access has been granted to the appropriate organization(s) for the Firebase CLI GitHub OAuth App: 
[info] https://github.com/settings/connections/applications/89cf50f02ac6aaed3484
[info] 
[debug] [2023-09-28T20:19:11.374Z] >>> [apiv2][query] GET https://api.github.com/repos/YVANDD/ amazon-clone-full-stack/actions/secrets/public-key type=owner
[debug] [2023-09-28T20:19:12.483Z] <<< [apiv2][status] GET https://api.github.com/repos/YVANDD/ amazon-clone-full-stack/actions/secrets/public-key 401
[debug] [2023-09-28T20:19:12.484Z] <<< [apiv2][body] GET https://api.github.com/repos/YVANDD/ amazon-clone-full-stack/actions/secrets/public-key {"message":"Bad credentials","documentation_url":"https://docs.github.com/rest"}
[debug] [2023-09-28T20:19:18.521Z] >>> [apiv2][query] GET https://api.github.com/repos/YVANDD/ amazon-clone-full-stack/actions/secrets/public-key type=owner
[debug] [2023-09-28T20:19:19.164Z] <<< [apiv2][status] GET https://api.github.com/repos/YVANDD/ amazon-clone-full-stack/actions/secrets/public-key 401
[debug] [2023-09-28T20:19:19.165Z] <<< [apiv2][body] GET https://api.github.com/repos/YVANDD/ amazon-clone-full-stack/actions/secrets/public-key {"message":"Bad credentials","documentation_url":"https://docs.github.com/rest"}
[debug] [2023-09-28T20:19:20.213Z] >>> [apiv2][query] GET https://api.github.com/repos/YVANDD/ amazon-clone-full-stack/actions/secrets/public-key type=owner
[debug] [2023-09-28T20:19:20.850Z] <<< [apiv2][status] GET https://api.github.com/repos/YVANDD/ amazon-clone-full-stack/actions/secrets/public-key 401
[debug] [2023-09-28T20:19:20.850Z] <<< [apiv2][body] GET https://api.github.com/repos/YVANDD/ amazon-clone-full-stack/actions/secrets/public-key {"message":"Bad credentials","documentation_url":"https://docs.github.com/rest"}
